<?xml version="1.0" encoding="UTF-8"?>
<testsuite xmlns:xsi="http://www.w3.org/2001/XMLSchema-instance" xsi:schemaLocation="https://maven.apache.org/surefire/maven-surefire-plugin/xsd/surefire-test-report.xsd" name="TestSuite" time="281.515" tests="85" errors="0" skipped="0" failures="0">
  <properties>
[...]
</properties>
  <testcase name="canRegisterUsualWithCurrencyRubAnd100Bonus" classname="test.usual.LandingPage10Test" time="9.356"/>
  <testcase name="tryRegisterWithInValidCredentials" classname="test.usual.LandingPage10Test" time="1.044"/>
  <testcase name="tryRegisterWithInValidCredentials" classname="test.usual.LandingPage10Test" time="0.728"/>
  <testcase name="canRegisterUsualWithCurrencyUsdAnd100Bonus" classname="test.usual.LandingPage10Test" time="2.579"/>
  <testcase name="tryRegisterWithEmptyFields" classname="test.usual.LandingPage10Test" time="0.641"/>
  <testcase name="tryRegisterWithOutAgree" classname="test.usual.LandingPage10Test" time="0.607"/>
  <testcase name="canOpenFb" classname="test.moilogin.LandingPageFbTest" time="3.401"/>
  <testcase name="canChooseBonusAndRegisterRub" classname="test.usual.LandingPage11Test" time="2.094"/>
  <testcase name="tryRegisterWithInValidCredentials" classname="test.usual.LandingPage11Test" time="0.902"/>
  <testcase name="tryRegisterWithInValidCredentials" classname="test.usual.LandingPage11Test" time="0.693"/>
  <testcase name="canChooseBonusAndRegisterUsd" classname="test.usual.LandingPage11Test" time="1.046"/>
  <testcase name="canChooseBonusAfterRegisterUsd" classname="test.usual.LandingPage11Test" time="6.921"/>
  <testcase name="tryRegisterWithEmptyFields" classname="test.usual.LandingPage11Test" time="0.703"/>
  <testcase name="tryRegisterWithOutAgree" classname="test.usual.LandingPage11Test" time="0.596"/>
  <testcase name="canOpenMailRu" classname="test.moilogin.LandingPageMrTest" time="2.759"/>
  <testcase name="canRegisterWithUsualRubWithValidCredentialsAnd100Bonus" classname="test.usual.LandingPage12Test" time="7.299"/>
  <testcase name="tryRegisterWithInValidCredentials" classname="test.usual.LandingPage12Test" time="1.347"/>
  <testcase name="tryRegisterWithInValidCredentials" classname="test.usual.LandingPage12Test" time="0.981"/>
  <testcase name="canRegisterWithUsualUsdWithValidCredentialsAnd100Bonus" classname="test.usual.LandingPage12Test" time="2.827"/>
  <testcase name="canRegisterWithUsualWithValidCredentialsWithOutBonus" classname="test.usual.LandingPage12Test" time="1.817"/>
  <testcase name="tryRegisterWithEmptyFields" classname="test.usual.LandingPage12Test" time="1.072"/>
  <testcase name="tryRegisterWithOutAgree" classname="test.usual.LandingPage12Test" time="1.109"/>
  <testcase name="canOpenOk" classname="test.moilogin.LandingPageOkTest" time="3.603"/>
  <testcase name="canRegisterUsualWithCurrencyRubWithWelcomeGift" classname="test.usual.LandingPage1Test" time="9.091"/>
  <testcase name="tryRegisterWithInvalidCredentials" classname="test.usual.LandingPage1Test" time="1.309"/>
  <testcase name="tryRegisterWithInvalidCredentials" classname="test.usual.LandingPage1Test" time="1.218"/>
  <testcase name="canRegisterUsualWithCurrencyUsdWithWelcomeGift" classname="test.usual.LandingPage1Test" time="3.366"/>
  <testcase name="tryRegisterWithEmptyFields" classname="test.usual.LandingPage1Test" time="1.498"/>
  <testcase name="tryRegisterWithOutAgree" classname="test.usual.LandingPage1Test" time="1.523"/>
  <testcase name="canOpenVk" classname="test.moilogin.LandingPageVkTest" time="3.468"/>
  <testcase name="canOpenLandingPage2" classname="test.usual.LandingPage2Test" time="1.994"/>
  <testcase name="canRegisterUsualWithCurrencyRubWithWelcomeGift" classname="test.usual.LandingPage2Test" time="7.389"/>
  <testcase name="tryRegisterWitInvalidCredentials" classname="test.usual.LandingPage2Test" time="1.502"/>
  <testcase name="tryRegisterWitInvalidCredentials" classname="test.usual.LandingPage2Test" time="1.512"/>
  <testcase name="canRegisterUsualWithCurrencyUsdWithWelcomeGift" classname="test.usual.LandingPage2Test" time="3.352"/>
  <testcase name="tryRegisterWithEmptyFields" classname="test.usual.LandingPage2Test" time="1.51"/>
  <testcase name="tryRegisterWithOutAgree" classname="test.usual.LandingPage2Test" time="1.462"/>
  <testcase name="canOpenYandex" classname="test.moilogin.LandingPageYaTest" time="3.028"/>
  <testcase name="canRegisterUsualWithCurrencyRubWithWelcomeGift" classname="test.usual.LandingPage3Test" time="8.481"/>
  <testcase name="tryRegisterWitInvalidCredentials" classname="test.usual.LandingPage3Test" time="1.232"/>
  <testcase name="tryRegisterWitInvalidCredentials" classname="test.usual.LandingPage3Test" time="0.943"/>
  <testcase name="canRegisterUsualWithCurrencyUsdWithWelcomeGift" classname="test.usual.LandingPage3Test" time="2.438"/>
  <testcase name="tryRegisterWithEmptyFields" classname="test.usual.LandingPage3Test" time="0.646"/>
  <testcase name="tryRegisterWithOutAgree" classname="test.usual.LandingPage3Test" time="0.939"/>
  <testcase name="canRegisterUsualWithCurrencyRubWithWelcomeGift" classname="test.usual.LandingPage4Test" time="9.354"/>
  <testcase name="tryRegisterWithInvalidCredentials" classname="test.usual.LandingPage4Test" time="1.232"/>
  <testcase name="tryRegisterWithInvalidCredentials" classname="test.usual.LandingPage4Test" time="0.994"/>
  <testcase name="canRegisterUsualWithCurrencyUsdWithWelcomeGift" classname="test.usual.LandingPage4Test" time="2.882"/>
  <testcase name="tryRegisterWithEmptyFields" classname="test.usual.LandingPage4Test" time="1.088"/>
  <testcase name="tryRegisterWithOutAgree" classname="test.usual.LandingPage4Test" time="0.854"/>
  <testcase name="canRegisterUsualWithCurrencyRubAnd100Bonus" classname="test.usual.LandingPage5Test" time="8.693"/>
  <testcase name="tryRegisterWithInValidCredentials" classname="test.usual.LandingPage5Test" time="1.341"/>
  <testcase name="tryRegisterWithInValidCredentials" classname="test.usual.LandingPage5Test" time="1.009"/>
  <testcase name="canClickOnButtonPlay" classname="test.usual.LandingPage5Test" time="0.798"/>
  <testcase name="canClickOnButtonRegistration" classname="test.usual.LandingPage5Test" time="0.908"/>
  <testcase name="canRegisterUsualWithCurrencyUsdAnd100Bonus" classname="test.usual.LandingPage5Test" time="2.905"/>
  <testcase name="tryRegisterWithEmptyFields" classname="test.usual.LandingPage5Test" time="1.457"/>
  <testcase name="tryRegisterWithOutAgree" classname="test.usual.LandingPage5Test" time="1.096"/>
  <testcase name="canOpenLandingPage6" classname="test.usual.LandingPage6Test" time="1.557"/>
  <testcase name="canRegisterUsualWithCurrencyRubAnd100Bonus" classname="test.usual.LandingPage6Test" time="9.272"/>
  <testcase name="tryRegisterWithInValidCredentials" classname="test.usual.LandingPage6Test" time="0.689"/>
  <testcase name="tryRegisterWithInValidCredentials" classname="test.usual.LandingPage6Test" time="0.624"/>
  <testcase name="canRegisterUsualWithCurrencyUsdAnd100Bonus" classname="test.usual.LandingPage6Test" time="2.553"/>
  <testcase name="tryRegisterWithEmptyFields" classname="test.usual.LandingPage6Test" time="0.619"/>
  <testcase name="tryRegisterWithOutAgree" classname="test.usual.LandingPage6Test" time="0.573"/>
  <testcase name="canRegisterWithUsualWithValidCredentialsAnd100Bonus" classname="test.usual.LandingPage7Test" time="8.138"/>
  <testcase name="tryRegisterWithInValidCredentials" classname="test.usual.LandingPage7Test" time="1.307"/>
  <testcase name="tryRegisterWithInValidCredentials" classname="test.usual.LandingPage7Test" time="0.952"/>
  <testcase name="canRegisterWithUsualWithValidCredentialsAndCashBack" classname="test.usual.LandingPage7Test" time="2.249"/>
  <testcase name="canRegisterWithUsualWithValidCredentialsWithOutBonus" classname="test.usual.LandingPage7Test" time="1.928"/>
  <testcase name="tryRegisterWithEmptyFields" classname="test.usual.LandingPage7Test" time="0.982"/>
  <testcase name="tryRegisterWithOutAgree" classname="test.usual.LandingPage7Test" time="1.044"/>
  <testcase name="canRegisterWithUsualRubWithValidCredentialsAnd100Bonus" classname="test.usual.LandingPage8Test" time="7.879"/>
  <testcase name="tryRegisterWithInValidCredentials" classname="test.usual.LandingPage8Test" time="1.234"/>
  <testcase name="tryRegisterWithInValidCredentials" classname="test.usual.LandingPage8Test" time="0.985"/>
  <testcase name="canRegisterWithUsualUsdWithValidCredentialsAnd100Bonus" classname="test.usual.LandingPage8Test" time="2.393"/>
  <testcase name="tryRegisterWithEmptyFields" classname="test.usual.LandingPage8Test" time="0.951"/>
  <testcase name="tryRegisterWithOutAgree" classname="test.usual.LandingPage8Test" time="1.012"/>
  <testcase name="canOpenLandingPage9" classname="test.usual.LandingPage9Test" time="2.497"/>
  <testcase name="canRegisterUsualWithCurrencyRub" classname="test.usual.LandingPage9Test" time="7.257"/>
  <testcase name="tryRegisterWithInValidCredentials" classname="test.usual.LandingPage9Test" time="0.938"/>
  <testcase name="tryRegisterWithInValidCredentials" classname="test.usual.LandingPage9Test" time="0.909"/>
  <testcase name="canRegisterUsualWithCurrencyUsdAnd100Bonus" classname="test.usual.LandingPage9Test" time="2.898"/>
  <testcase name="tryRegisterWithEmptyFields" classname="test.usual.LandingPage9Test" time="0.907"/>
  <testcase name="tryRegisterWithOutAgree" classname="test.usual.LandingPage9Test" time="0.867"/>
</testsuite>