<?xml version="1.0" encoding="UTF-8"?>
<!-- Generated by org.testng.reporters.JUnitXMLReporter -->
<testsuite hostname="some-PC" name="Regression" tests="85" failures="0" timestamp="9 Dec 2016 09:16:10 GMT" time="280.66" errors="0">
  <testcase name="canRegisterUsualWithCurrencyRubAnd100Bonus" time="9.356" classname="test.usual.LandingPage10Test"/>
  <testcase name="tryRegisterWithInValidCredentials" time="1.042" classname="test.usual.LandingPage10Test"/>
  <testcase name="tryRegisterWithInValidCredentials" time="0.727" classname="test.usual.LandingPage10Test"/>
  <testcase name="canRegisterUsualWithCurrencyUsdAnd100Bonus" time="2.579" classname="test.usual.LandingPage10Test"/>
  <testcase name="tryRegisterWithEmptyFields" time="0.641" classname="test.usual.LandingPage10Test"/>
  <testcase name="tryRegisterWithOutAgree" time="0.606" classname="test.usual.LandingPage10Test"/>
  <testcase name="canOpenFb" time="3.401" classname="test.moilogin.LandingPageFbTest"/>
  <testcase name="canChooseBonusAndRegisterRub" time="2.093" classname="test.usual.LandingPage11Test"/>
  <testcase name="tryRegisterWithInValidCredentials" time="0.902" classname="test.usual.LandingPage11Test"/>
  <testcase name="tryRegisterWithInValidCredentials" time="0.693" classname="test.usual.LandingPage11Test"/>
  <testcase name="canChooseBonusAndRegisterUsd" time="1.047" classname="test.usual.LandingPage11Test"/>
  <testcase name="canChooseBonusAfterRegisterUsd" time="6.92" classname="test.usual.LandingPage11Test"/>
  <testcase name="tryRegisterWithEmptyFields" time="0.704" classname="test.usual.LandingPage11Test"/>
  <testcase name="tryRegisterWithOutAgree" time="0.596" classname="test.usual.LandingPage11Test"/>
  <testcase name="canOpenMailRu" time="2.759" classname="test.moilogin.LandingPageMrTest"/>
  <testcase name="canRegisterWithUsualRubWithValidCredentialsAnd100Bonus" time="7.299" classname="test.usual.LandingPage12Test"/>
  <testcase name="tryRegisterWithInValidCredentials" time="1.347" classname="test.usual.LandingPage12Test"/>
  <testcase name="tryRegisterWithInValidCredentials" time="0.981" classname="test.usual.LandingPage12Test"/>
  <testcase name="canRegisterWithUsualUsdWithValidCredentialsAnd100Bonus" time="2.827" classname="test.usual.LandingPage12Test"/>
  <testcase name="canRegisterWithUsualWithValidCredentialsWithOutBonus" time="1.817" classname="test.usual.LandingPage12Test"/>
  <testcase name="tryRegisterWithEmptyFields" time="1.072" classname="test.usual.LandingPage12Test"/>
  <testcase name="tryRegisterWithOutAgree" time="1.109" classname="test.usual.LandingPage12Test"/>
  <testcase name="canOpenOk" time="3.603" classname="test.moilogin.LandingPageOkTest"/>
  <testcase name="canRegisterUsualWithCurrencyRubWithWelcomeGift" time="9.091" classname="test.usual.LandingPage1Test"/>
  <testcase name="tryRegisterWithInvalidCredentials" time="1.309" classname="test.usual.LandingPage1Test"/>
  <testcase name="tryRegisterWithInvalidCredentials" time="1.218" classname="test.usual.LandingPage1Test"/>
  <testcase name="canRegisterUsualWithCurrencyUsdWithWelcomeGift" time="3.367" classname="test.usual.LandingPage1Test"/>
  <testcase name="tryRegisterWithEmptyFields" time="1.498" classname="test.usual.LandingPage1Test"/>
  <testcase name="tryRegisterWithOutAgree" time="1.523" classname="test.usual.LandingPage1Test"/>
  <testcase name="canOpenVk" time="3.469" classname="test.moilogin.LandingPageVkTest"/>
  <testcase name="canOpenLandingPage2" time="1.994" classname="test.usual.LandingPage2Test"/>
  <testcase name="canRegisterUsualWithCurrencyRubWithWelcomeGift" time="7.388" classname="test.usual.LandingPage2Test"/>
  <testcase name="tryRegisterWitInvalidCredentials" time="1.501" classname="test.usual.LandingPage2Test"/>
  <testcase name="tryRegisterWitInvalidCredentials" time="1.512" classname="test.usual.LandingPage2Test"/>
  <testcase name="canRegisterUsualWithCurrencyUsdWithWelcomeGift" time="3.351" classname="test.usual.LandingPage2Test"/>
  <testcase name="tryRegisterWithEmptyFields" time="1.51" classname="test.usual.LandingPage2Test"/>
  <testcase name="tryRegisterWithOutAgree" time="1.462" classname="test.usual.LandingPage2Test"/>
  <testcase name="canOpenYandex" time="3.029" classname="test.moilogin.LandingPageYaTest"/>
  <testcase name="canRegisterUsualWithCurrencyRubWithWelcomeGift" time="8.481" classname="test.usual.LandingPage3Test"/>
  <testcase name="tryRegisterWitInvalidCredentials" time="1.232" classname="test.usual.LandingPage3Test"/>
  <testcase name="tryRegisterWitInvalidCredentials" time="0.943" classname="test.usual.LandingPage3Test"/>
  <testcase name="canRegisterUsualWithCurrencyUsdWithWelcomeGift" time="2.438" classname="test.usual.LandingPage3Test"/>
  <testcase name="tryRegisterWithEmptyFields" time="0.647" classname="test.usual.LandingPage3Test"/>
  <testcase name="tryRegisterWithOutAgree" time="0.939" classname="test.usual.LandingPage3Test"/>
  <testcase name="canRegisterUsualWithCurrencyRubWithWelcomeGift" time="9.354" classname="test.usual.LandingPage4Test"/>
  <testcase name="tryRegisterWithInvalidCredentials" time="1.232" classname="test.usual.LandingPage4Test"/>
  <testcase name="tryRegisterWithInvalidCredentials" time="0.994" classname="test.usual.LandingPage4Test"/>
  <testcase name="canRegisterUsualWithCurrencyUsdWithWelcomeGift" time="2.882" classname="test.usual.LandingPage4Test"/>
  <testcase name="tryRegisterWithEmptyFields" time="1.087" classname="test.usual.LandingPage4Test"/>
  <testcase name="tryRegisterWithOutAgree" time="0.854" classname="test.usual.LandingPage4Test"/>
  <testcase name="canRegisterUsualWithCurrencyRubAnd100Bonus" time="8.693" classname="test.usual.LandingPage5Test"/>
  <testcase name="tryRegisterWithInValidCredentials" time="1.341" classname="test.usual.LandingPage5Test"/>
  <testcase name="tryRegisterWithInValidCredentials" time="1.009" classname="test.usual.LandingPage5Test"/>
  <testcase name="canClickOnButtonPlay" time="0.798" classname="test.usual.LandingPage5Test"/>
  <testcase name="canClickOnButtonRegistration" time="0.908" classname="test.usual.LandingPage5Test"/>
  <testcase name="canRegisterUsualWithCurrencyUsdAnd100Bonus" time="2.905" classname="test.usual.LandingPage5Test"/>
  <testcase name="tryRegisterWithEmptyFields" time="1.457" classname="test.usual.LandingPage5Test"/>
  <testcase name="tryRegisterWithOutAgree" time="1.097" classname="test.usual.LandingPage5Test"/>
  <testcase name="canOpenLandingPage6" time="1.557" classname="test.usual.LandingPage6Test"/>
  <testcase name="canRegisterUsualWithCurrencyRubAnd100Bonus" time="9.272" classname="test.usual.LandingPage6Test"/>
  <testcase name="tryRegisterWithInValidCredentials" time="0.689" classname="test.usual.LandingPage6Test"/>
  <testcase name="tryRegisterWithInValidCredentials" time="0.624" classname="test.usual.LandingPage6Test"/>
  <testcase name="canRegisterUsualWithCurrencyUsdAnd100Bonus" time="2.553" classname="test.usual.LandingPage6Test"/>
  <testcase name="tryRegisterWithEmptyFields" time="0.618" classname="test.usual.LandingPage6Test"/>
  <testcase name="tryRegisterWithOutAgree" time="0.572" classname="test.usual.LandingPage6Test"/>
  <testcase name="canRegisterWithUsualWithValidCredentialsAnd100Bonus" time="8.138" classname="test.usual.LandingPage7Test"/>
  <testcase name="tryRegisterWithInValidCredentials" time="1.307" classname="test.usual.LandingPage7Test"/>
  <testcase name="tryRegisterWithInValidCredentials" time="0.951" classname="test.usual.LandingPage7Test"/>
  <testcase name="canRegisterWithUsualWithValidCredentialsAndCashBack" time="2.249" classname="test.usual.LandingPage7Test"/>
  <testcase name="canRegisterWithUsualWithValidCredentialsWithOutBonus" time="1.929" classname="test.usual.LandingPage7Test"/>
  <testcase name="tryRegisterWithEmptyFields" time="0.982" classname="test.usual.LandingPage7Test"/>
  <testcase name="tryRegisterWithOutAgree" time="1.045" classname="test.usual.LandingPage7Test"/>
  <testcase name="canRegisterWithUsualRubWithValidCredentialsAnd100Bonus" time="7.88" classname="test.usual.LandingPage8Test"/>
  <testcase name="tryRegisterWithInValidCredentials" time="1.234" classname="test.usual.LandingPage8Test"/>
  <testcase name="tryRegisterWithInValidCredentials" time="0.985" classname="test.usual.LandingPage8Test"/>
  <testcase name="canRegisterWithUsualUsdWithValidCredentialsAnd100Bonus" time="2.393" classname="test.usual.LandingPage8Test"/>
  <testcase name="tryRegisterWithEmptyFields" time="0.951" classname="test.usual.LandingPage8Test"/>
  <testcase name="tryRegisterWithOutAgree" time="1.011" classname="test.usual.LandingPage8Test"/>
  <testcase name="canOpenLandingPage9" time="2.498" classname="test.usual.LandingPage9Test"/>
  <testcase name="canRegisterUsualWithCurrencyRub" time="7.257" classname="test.usual.LandingPage9Test"/>
  <testcase name="tryRegisterWithInValidCredentials" time="0.938" classname="test.usual.LandingPage9Test"/>
  <testcase name="tryRegisterWithInValidCredentials" time="0.909" classname="test.usual.LandingPage9Test"/>
  <testcase name="canRegisterUsualWithCurrencyUsdAnd100Bonus" time="2.898" classname="test.usual.LandingPage9Test"/>
  <testcase name="tryRegisterWithEmptyFields" time="0.907" classname="test.usual.LandingPage9Test"/>
  <testcase name="tryRegisterWithOutAgree" time="0.867" classname="test.usual.LandingPage9Test"/>
</testsuite> <!-- Regression -->
